#
# There is insufficient memory for the Java Runtime Environment to continue.
# Native memory allocation (mmap) failed to map 46137344 bytes. Error detail: G1 virtual space
# Possible reasons:
#   The system is out of physical RAM or swap space
#   This process is running with CompressedOops enabled, and the Java Heap may be blocking the growth of the native heap
# Possible solutions:
#   Reduce memory load on the system
#   Increase physical memory or swap space
#   Check if swap backing store is full
#   Decrease Java heap size (-Xmx/-Xms)
#   Decrease number of Java threads
#   Decrease Java thread stack sizes (-Xss)
#   Set larger code cache with -XX:ReservedCodeCacheSize=
#   JVM is running with Unscaled Compressed Oops mode in which the Java heap is
#     placed in the first 4GB address space. The Java Heap base address is the
#     maximum limit for the native heap growth. Please use -XX:HeapBaseMinAddress
#     to set the Java Heap base and to place the Java Heap above 4GB virtual address.
# This output file may be truncated or incomplete.
#
#  Out of Memory Error (os_windows.cpp:3736), pid=8768, tid=2000
#
# JRE version: OpenJDK Runtime Environment Microsoft-11369940 (21.0.7+6) (build 21.0.7+6-LTS)
# Java VM: OpenJDK 64-Bit Server VM Microsoft-11369940 (21.0.7+6-LTS, mixed mode, sharing, tiered, compressed oops, compressed class ptrs, g1 gc, windows-amd64)
# No core dump will be written. Minidumps are not enabled by default on client versions of Windows
#

---------------  S U M M A R Y ------------

Command Line: -javaagent:C:\Program Files\JetBrains\IntelliJ IDEA Community Edition 2024.3.5\lib\idea_rt.jar=51412 -Dfile.encoding=UTF-8 -Dsun.stdout.encoding=UTF-8 -Dsun.stderr.encoding=UTF-8 com.aluraapi.literatura.LiteraturaApplication

Host: Intel(R) Core(TM) i3-10105 CPU @ 3.70GHz, 8 cores, 7G,  Windows 11 , 64 bit Build 26100 (10.0.26100.4202)
Time: Thu Jun 19 14:26:43 2025 Hora est. Pacífico, Sudamérica elapsed time: 8.171954 seconds (0d 0h 0m 8s)

---------------  T H R E A D  ---------------

Current thread (0x000001779f77faa0):  VMThread "VM Thread"          [id=2000, stack(0x0000002f12400000,0x0000002f12500000) (1024K)]

Stack: [0x0000002f12400000,0x0000002f12500000]
Native frames: (J=compiled Java code, j=interpreted, Vv=VM code, C=native code)
V  [jvm.dll+0x6d4bb9]
V  [jvm.dll+0x8afa11]
V  [jvm.dll+0x8b1f3e]
V  [jvm.dll+0x8b2623]
V  [jvm.dll+0x280816]
V  [jvm.dll+0x6d1385]
V  [jvm.dll+0x6c552a]
V  [jvm.dll+0x35b978]
V  [jvm.dll+0x3635f6]
V  [jvm.dll+0x3b4b9e]
V  [jvm.dll+0x3b4e48]
V  [jvm.dll+0x32f9bc]
V  [jvm.dll+0x32fa47]
V  [jvm.dll+0x373aec]
V  [jvm.dll+0x3722f8]
V  [jvm.dll+0x32f181]
V  [jvm.dll+0x37195a]
V  [jvm.dll+0x8b834f]
V  [jvm.dll+0x8b9704]
V  [jvm.dll+0x8b9c40]
V  [jvm.dll+0x8b9ee3]
V  [jvm.dll+0x85916b]
V  [jvm.dll+0x6d327d]
C  [ucrtbase.dll+0x37b0]
C  [KERNEL32.DLL+0x2e8d7]
C  [ntdll.dll+0x3c34c]

VM_Operation (0x0000002f133f96d0): G1CollectForAllocation, mode: safepoint, requested by thread 0x00000177e584bfb0


---------------  P R O C E S S  ---------------

Threads class SMR info:
_java_thread_list=0x00000177e805f680, length=22, elements={
0x000001778089e9c0, 0x000001779f7a0020, 0x000001779f7a0c70, 0x000001779f7a8270,
0x000001779f7a8cc0, 0x000001779f7aa720, 0x000001779f7ab2a0, 0x000001779f7b3910,
0x000001779f7b61a0, 0x000001779f76d360, 0x00000177e5102650, 0x00000177e5102cb0,
0x00000177e5837910, 0x00000177e584bfb0, 0x00000177e76d42b0, 0x00000177e76e8b50,
0x00000177e7334e90, 0x00000177e7336240, 0x00000177e7336f60, 0x00000177e73375f0,
0x000001779f7b6f40, 0x000001779f7b7ce0
}

Java Threads: ( => current thread )
  0x000001778089e9c0 JavaThread "main"                              [_thread_blocked, id=5644, stack(0x0000002f11d00000,0x0000002f11e00000) (1024K)]
  0x000001779f7a0020 JavaThread "Reference Handler"          daemon [_thread_blocked, id=11432, stack(0x0000002f12500000,0x0000002f12600000) (1024K)]
  0x000001779f7a0c70 JavaThread "Finalizer"                  daemon [_thread_blocked, id=9696, stack(0x0000002f12600000,0x0000002f12700000) (1024K)]
  0x000001779f7a8270 JavaThread "Signal Dispatcher"          daemon [_thread_blocked, id=5648, stack(0x0000002f12700000,0x0000002f12800000) (1024K)]
  0x000001779f7a8cc0 JavaThread "Attach Listener"            daemon [_thread_blocked, id=13184, stack(0x0000002f12800000,0x0000002f12900000) (1024K)]
  0x000001779f7aa720 JavaThread "Service Thread"             daemon [_thread_blocked, id=856, stack(0x0000002f12900000,0x0000002f12a00000) (1024K)]
  0x000001779f7ab2a0 JavaThread "Monitor Deflation Thread"   daemon [_thread_blocked, id=2812, stack(0x0000002f12a00000,0x0000002f12b00000) (1024K)]
  0x000001779f7b3910 JavaThread "C2 CompilerThread0"         daemon [_thread_blocked, id=372, stack(0x0000002f12b00000,0x0000002f12c00000) (1024K)]
  0x000001779f7b61a0 JavaThread "C1 CompilerThread0"         daemon [_thread_blocked, id=5848, stack(0x0000002f12c00000,0x0000002f12d00000) (1024K)]
  0x000001779f76d360 JavaThread "Common-Cleaner"             daemon [_thread_blocked, id=16932, stack(0x0000002f12d00000,0x0000002f12e00000) (1024K)]
  0x00000177e5102650 JavaThread "Monitor Ctrl-Break"         daemon [_thread_in_native, id=13756, stack(0x0000002f13000000,0x0000002f13100000) (1024K)]
  0x00000177e5102cb0 JavaThread "Notification Thread"        daemon [_thread_blocked, id=14224, stack(0x0000002f13100000,0x0000002f13200000) (1024K)]
  0x00000177e5837910 JavaThread "Thread-0"                          [_thread_blocked, id=6424, stack(0x0000002f13200000,0x0000002f13300000) (1024K)]
  0x00000177e584bfb0 JavaThread "restartedMain"                     [_thread_blocked, id=3796, stack(0x0000002f13300000,0x0000002f13400000) (1024K)]
  0x00000177e76d42b0 JavaThread "Catalina-utility-1"                [_thread_blocked, id=17920, stack(0x0000002f13c00000,0x0000002f13d00000) (1024K)]
  0x00000177e76e8b50 JavaThread "Catalina-utility-2"                [_thread_blocked, id=8700, stack(0x0000002f13d00000,0x0000002f13e00000) (1024K)]
  0x00000177e7334e90 JavaThread "container-0"                       [_thread_blocked, id=14768, stack(0x0000002f13e00000,0x0000002f13f00000) (1024K)]
  0x00000177e7336240 JavaThread "PostgreSQL-JDBC-Cleaner"    daemon [_thread_blocked, id=13220, stack(0x0000002f14000000,0x0000002f14100000) (1024K)]
  0x00000177e7336f60 JavaThread "HikariPool-1:housekeeper"   daemon [_thread_blocked, id=14256, stack(0x0000002f14100000,0x0000002f14200000) (1024K)]
  0x00000177e73375f0 JavaThread "HikariPool-1:connection-adder" daemon [_thread_blocked, id=6152, stack(0x0000002f14200000,0x0000002f14300000) (1024K)]
  0x000001779f7b6f40 JavaThread "C2 CompilerThread1"         daemon [_thread_blocked, id=15660, stack(0x0000002f12e00000,0x0000002f12f00000) (1024K)]
  0x000001779f7b7ce0 JavaThread "C2 CompilerThread2"         daemon [_thread_blocked, id=9744, stack(0x0000002f12f00000,0x0000002f13000000) (1024K)]
Total: 22

Other Threads:
=>0x000001779f77faa0 VMThread "VM Thread"                           [id=2000, stack(0x0000002f12400000,0x0000002f12500000) (1024K)]
  0x000001779f76c9d0 WatcherThread "VM Periodic Task Thread"        [id=18064, stack(0x0000002f12300000,0x0000002f12400000) (1024K)]
  0x0000017782c58190 WorkerThread "GC Thread#0"                     [id=15060, stack(0x0000002f11e00000,0x0000002f11f00000) (1024K)]
  0x00000177e57c1a80 WorkerThread "GC Thread#1"                     [id=7456, stack(0x0000002f13400000,0x0000002f13500000) (1024K)]
  0x00000177e57c1e20 WorkerThread "GC Thread#2"                     [id=14924, stack(0x0000002f13500000,0x0000002f13600000) (1024K)]
  0x00000177e57c21c0 WorkerThread "GC Thread#3"                     [id=9036, stack(0x0000002f13600000,0x0000002f13700000) (1024K)]
  0x00000177e57c2560 WorkerThread "GC Thread#4"                     [id=18136, stack(0x0000002f13700000,0x0000002f13800000) (1024K)]
  0x00000177e54d7450 WorkerThread "GC Thread#5"                     [id=8972, stack(0x0000002f13800000,0x0000002f13900000) (1024K)]
  0x00000177e599fe80 WorkerThread "GC Thread#6"                     [id=14472, stack(0x0000002f13a00000,0x0000002f13b00000) (1024K)]
  0x00000177e59aab80 WorkerThread "GC Thread#7"                     [id=1140, stack(0x0000002f13b00000,0x0000002f13c00000) (1024K)]
  0x0000017782c6a850 ConcurrentGCThread "G1 Main Marker"            [id=13004, stack(0x0000002f11f00000,0x0000002f12000000) (1024K)]
  0x0000017782c6ba00 WorkerThread "G1 Conc#0"                       [id=5592, stack(0x0000002f12000000,0x0000002f12100000) (1024K)]
  0x00000177e85ccac0 WorkerThread "G1 Conc#1"                       [id=13972, stack(0x0000002f13900000,0x0000002f13a00000) (1024K)]
  0x000001779f62d8d0 ConcurrentGCThread "G1 Refine#0"               [id=8348, stack(0x0000002f12100000,0x0000002f12200000) (1024K)]
  0x000001779f62f100 ConcurrentGCThread "G1 Service"                [id=9124, stack(0x0000002f12200000,0x0000002f12300000) (1024K)]
Total: 15

Threads with active compile tasks:
C2 CompilerThread0  8200 5596   !   4       org.antlr.v4.runtime.atn.ATNSimulator::getCachedContext (43 bytes)
C2 CompilerThread1  8200 5597       4       java.util.BitSet::set (58 bytes)
C2 CompilerThread2  8200 5564       4       org.antlr.v4.runtime.atn.PredictionContext::getCachedContext (261 bytes)
Total: 3

VM state: at safepoint (normal execution)

VM Mutex/Monitor currently owned by a thread:  ([mutex/lock_event])
[0x00007ffcd1ad6478] Threads_lock - owner thread: 0x000001779f77faa0
[0x00007ffcd1ad6578] Heap_lock - owner thread: 0x00000177e584bfb0

Heap address: 0x0000000083600000, size: 1994 MB, Compressed Oops mode: 32-bit

CDS archive(s) mapped at: [0x00000177a0000000-0x00000177a0c80000-0x00000177a0c80000), size 13107200, SharedBaseAddress: 0x00000177a0000000, ArchiveRelocationMode: 1.
Compressed class space mapped at: 0x00000177a1000000-0x00000177e1000000, reserved size: 1073741824
Narrow klass base: 0x00000177a0000000, Narrow klass shift: 0, Narrow klass range: 0x100000000

GC Precious Log:
 CardTable entry size: 512
 Card Set container configuration: InlinePtr #cards 5 size 8 Array Of Cards #cards 12 size 40 Howl #buckets 4 coarsen threshold 1843 Howl Bitmap #cards 512 size 80 coarsen threshold 460 Card regions per heap region 1 cards per card region 2048
 CPUs: 8 total, 8 available
 Memory: 7973M
 Large Page Support: Disabled
 NUMA Support: Disabled
 Compressed Oops: Enabled (32-bit)
 Heap Region Size: 1M
 Heap Min Capacity: 8M
 Heap Initial Capacity: 126M
 Heap Max Capacity: 1994M
 Pre-touch: Disabled
 Parallel Workers: 8
 Concurrent Workers: 2
 Concurrent Refinement Workers: 8
 Periodic GC: Disabled

Heap:
 garbage-first heap   total 87040K, used 46998K [0x0000000083600000, 0x0000000100000000)
  region size 1024K, 2 young (2048K), 2 survivors (2048K)
 Metaspace       used 63011K, committed 63616K, reserved 1114112K
  class space    used 8805K, committed 9088K, reserved 1048576K

Heap Regions: E=young(eden), S=young(survivor), O=old, HS=humongous(starts), HC=humongous(continues), CS=collection set, F=free, TAMS=top-at-mark-start, PB=parsable bottom
|   0|0x0000000083600000, 0x0000000083700000, 0x0000000083700000|100%|HS|  |TAMS 0x0000000083700000| PB 0x0000000083600000| Complete 
|   1|0x0000000083700000, 0x0000000083800000, 0x0000000083800000|100%|HS|  |TAMS 0x0000000083800000| PB 0x0000000083700000| Complete 
|   2|0x0000000083800000, 0x0000000083900000, 0x0000000083900000|100%| O|  |TAMS 0x0000000083900000| PB 0x0000000083800000| Untracked 
|   3|0x0000000083900000, 0x0000000083a00000, 0x0000000083a00000|100%| O|  |TAMS 0x0000000083a00000| PB 0x0000000083900000| Untracked 
|   4|0x0000000083a00000, 0x0000000083b00000, 0x0000000083b00000|100%| O|  |TAMS 0x0000000083b00000| PB 0x0000000083a00000| Untracked 
|   5|0x0000000083b00000, 0x0000000083c00000, 0x0000000083c00000|100%| O|  |TAMS 0x0000000083c00000| PB 0x0000000083b00000| Untracked 
|   6|0x0000000083c00000, 0x0000000083d00000, 0x0000000083d00000|100%| O|  |TAMS 0x0000000083d00000| PB 0x0000000083c00000| Untracked 
|   7|0x0000000083d00000, 0x0000000083e00000, 0x0000000083e00000|100%| O|  |TAMS 0x0000000083e00000| PB 0x0000000083d00000| Untracked 
|   8|0x0000000083e00000, 0x0000000083f00000, 0x0000000083f00000|100%| O|  |TAMS 0x0000000083f00000| PB 0x0000000083e00000| Untracked 
|   9|0x0000000083f00000, 0x0000000084000000, 0x0000000084000000|100%| O|  |TAMS 0x0000000084000000| PB 0x0000000083f00000| Untracked 
|  10|0x0000000084000000, 0x0000000084100000, 0x0000000084100000|100%| O|  |TAMS 0x0000000084100000| PB 0x0000000084000000| Untracked 
|  11|0x0000000084100000, 0x0000000084200000, 0x0000000084200000|100%| O|  |TAMS 0x0000000084200000| PB 0x0000000084100000| Untracked 
|  12|0x0000000084200000, 0x0000000084300000, 0x0000000084300000|100%| O|  |TAMS 0x0000000084300000| PB 0x0000000084200000| Untracked 
|  13|0x0000000084300000, 0x0000000084400000, 0x0000000084400000|100%| O|  |TAMS 0x0000000084400000| PB 0x0000000084300000| Untracked 
|  14|0x0000000084400000, 0x0000000084500000, 0x0000000084500000|100%| O|  |TAMS 0x0000000084500000| PB 0x0000000084400000| Untracked 
|  15|0x0000000084500000, 0x0000000084600000, 0x0000000084600000|100%| O|  |TAMS 0x0000000084600000| PB 0x0000000084500000| Untracked 
|  16|0x0000000084600000, 0x0000000084700000, 0x0000000084700000|100%| O|  |TAMS 0x0000000084700000| PB 0x0000000084600000| Untracked 
|  17|0x0000000084700000, 0x0000000084800000, 0x0000000084800000|100%| O|  |TAMS 0x0000000084800000| PB 0x0000000084700000| Untracked 
|  18|0x0000000084800000, 0x0000000084900000, 0x0000000084900000|100%| O|  |TAMS 0x0000000084900000| PB 0x0000000084800000| Untracked 
|  19|0x0000000084900000, 0x0000000084a00000, 0x0000000084a00000|100%| O|  |TAMS 0x0000000084900000| PB 0x0000000084900000| Untracked 
|  20|0x0000000084a00000, 0x0000000084b00000, 0x0000000084b00000|100%| O|  |TAMS 0x0000000084b00000| PB 0x0000000084a00000| Untracked 
|  21|0x0000000084b00000, 0x0000000084c00000, 0x0000000084c00000|100%| O|  |TAMS 0x0000000084c00000| PB 0x0000000084b00000| Untracked 
|  22|0x0000000084c00000, 0x0000000084d00000, 0x0000000084d00000|100%| O|  |TAMS 0x0000000084d00000| PB 0x0000000084c00000| Untracked 
|  23|0x0000000084d00000, 0x0000000084e00000, 0x0000000084e00000|100%| O|  |TAMS 0x0000000084e00000| PB 0x0000000084d00000| Untracked 
|  24|0x0000000084e00000, 0x0000000084f00000, 0x0000000084f00000|100%| O|  |TAMS 0x0000000084f00000| PB 0x0000000084e00000| Untracked 
|  25|0x0000000084f00000, 0x0000000085000000, 0x0000000085000000|100%| O|  |TAMS 0x0000000085000000| PB 0x0000000084f00000| Untracked 
|  26|0x0000000085000000, 0x0000000085100000, 0x0000000085100000|100%| O|  |TAMS 0x0000000085100000| PB 0x0000000085000000| Untracked 
|  27|0x0000000085100000, 0x0000000085200000, 0x0000000085200000|100%| O|  |TAMS 0x0000000085200000| PB 0x0000000085100000| Untracked 
|  28|0x0000000085200000, 0x0000000085300000, 0x0000000085300000|100%| O|  |TAMS 0x0000000085300000| PB 0x0000000085200000| Untracked 
|  29|0x0000000085300000, 0x0000000085400000, 0x0000000085400000|100%| O|  |TAMS 0x0000000085400000| PB 0x0000000085300000| Untracked 
|  30|0x0000000085400000, 0x0000000085500000, 0x0000000085500000|100%| O|  |TAMS 0x0000000085500000| PB 0x0000000085400000| Untracked 
|  31|0x0000000085500000, 0x0000000085600000, 0x0000000085600000|100%| O|  |TAMS 0x0000000085600000| PB 0x0000000085500000| Untracked 
|  32|0x0000000085600000, 0x0000000085700000, 0x0000000085700000|100%| O|  |TAMS 0x0000000085700000| PB 0x0000000085600000| Untracked 
|  33|0x0000000085700000, 0x0000000085800000, 0x0000000085800000|100%| O|  |TAMS 0x0000000085800000| PB 0x0000000085700000| Untracked 
|  34|0x0000000085800000, 0x0000000085900000, 0x0000000085900000|100%| O|  |TAMS 0x0000000085900000| PB 0x0000000085800000| Untracked 
|  35|0x0000000085900000, 0x0000000085a00000, 0x0000000085a00000|100%| O|  |TAMS 0x0000000085a00000| PB 0x0000000085900000| Untracked 
|  36|0x0000000085a00000, 0x0000000085b00000, 0x0000000085b00000|100%| O|  |TAMS 0x0000000085b00000| PB 0x0000000085a00000| Untracked 
|  37|0x0000000085b00000, 0x0000000085c00000, 0x0000000085c00000|100%| O|  |TAMS 0x0000000085bae0e8| PB 0x0000000085b00000| Untracked 
|  38|0x0000000085c00000, 0x0000000085d00000, 0x0000000085d00000|100%| O|  |TAMS 0x0000000085c00000| PB 0x0000000085c00000| Untracked 
|  39|0x0000000085d00000, 0x0000000085e00000, 0x0000000085e00000|100%| O|  |TAMS 0x0000000085d00000| PB 0x0000000085d00000| Untracked 
|  40|0x0000000085e00000, 0x0000000085ee5800, 0x0000000085f00000| 89%| O|  |TAMS 0x0000000085e00000| PB 0x0000000085e00000| Untracked 
|  41|0x0000000085f00000, 0x0000000085f00000, 0x0000000086000000|  0%| F|  |TAMS 0x0000000085f00000| PB 0x0000000085f00000| Untracked 
|  42|0x0000000086000000, 0x0000000086100000, 0x0000000086100000|100%| S|CS|TAMS 0x0000000086000000| PB 0x0000000086000000| Complete 
|  43|0x0000000086100000, 0x0000000086100000, 0x0000000086200000|  0%| F|  |TAMS 0x0000000086100000| PB 0x0000000086100000| Untracked 
|  44|0x0000000086200000, 0x0000000086200000, 0x0000000086300000|  0%| F|  |TAMS 0x0000000086200000| PB 0x0000000086200000| Untracked 
|  45|0x0000000086300000, 0x0000000086400000, 0x0000000086400000|100%| S|CS|TAMS 0x0000000086300000| PB 0x0000000086300000| Complete 
|  46|0x0000000086400000, 0x0000000086400000, 0x0000000086500000|  0%| F|  |TAMS 0x0000000086400000| PB 0x0000000086400000| Untracked 
|  47|0x0000000086500000, 0x0000000086500000, 0x0000000086600000|  0%| F|  |TAMS 0x0000000086500000| PB 0x0000000086500000| Untracked 
|  48|0x0000000086600000, 0x0000000086600000, 0x0000000086700000|  0%| F|  |TAMS 0x0000000086600000| PB 0x0000000086600000| Untracked 
|  49|0x0000000086700000, 0x0000000086700000, 0x0000000086800000|  0%| F|  |TAMS 0x0000000086700000| PB 0x0000000086700000| Untracked 
|  50|0x0000000086800000, 0x0000000086800000, 0x0000000086900000|  0%| F|  |TAMS 0x0000000086800000| PB 0x0000000086800000| Untracked 
|  51|0x0000000086900000, 0x0000000086900000, 0x0000000086a00000|  0%| F|  |TAMS 0x0000000086900000| PB 0x0000000086900000| Untracked 
|  52|0x0000000086a00000, 0x0000000086a00000, 0x0000000086b00000|  0%| F|  |TAMS 0x0000000086a00000| PB 0x0000000086a00000| Untracked 
|  53|0x0000000086b00000, 0x0000000086b00000, 0x0000000086c00000|  0%| F|  |TAMS 0x0000000086b00000| PB 0x0000000086b00000| Untracked 
|  54|0x0000000086c00000, 0x0000000086c00000, 0x0000000086d00000|  0%| F|  |TAMS 0x0000000086c00000| PB 0x0000000086c00000| Untracked 
|  55|0x0000000086d00000, 0x0000000086d00000, 0x0000000086e00000|  0%| F|  |TAMS 0x0000000086d00000| PB 0x0000000086d00000| Untracked 
|  56|0x0000000086e00000, 0x0000000086e00000, 0x0000000086f00000|  0%| F|  |TAMS 0x0000000086e00000| PB 0x0000000086e00000| Untracked 
|  57|0x0000000086f00000, 0x0000000086f00000, 0x0000000087000000|  0%| F|  |TAMS 0x0000000086f00000| PB 0x0000000086f00000| Untracked 
|  58|0x0000000087000000, 0x0000000087000000, 0x0000000087100000|  0%| F|  |TAMS 0x0000000087000000| PB 0x0000000087000000| Untracked 
|  59|0x0000000087100000, 0x0000000087100000, 0x0000000087200000|  0%| F|  |TAMS 0x0000000087100000| PB 0x0000000087100000| Untracked 
|  60|0x0000000087200000, 0x0000000087200000, 0x0000000087300000|  0%| F|  |TAMS 0x0000000087200000| PB 0x0000000087200000| Untracked 
|  61|0x0000000087300000, 0x0000000087300000, 0x0000000087400000|  0%| F|  |TAMS 0x0000000087300000| PB 0x0000000087300000| Untracked 
|  62|0x0000000087400000, 0x0000000087400000, 0x0000000087500000|  0%| F|  |TAMS 0x0000000087400000| PB 0x0000000087400000| Untracked 
|  63|0x0000000087500000, 0x0000000087500000, 0x0000000087600000|  0%| F|  |TAMS 0x0000000087500000| PB 0x0000000087500000| Untracked 
|  64|0x0000000087600000, 0x0000000087600000, 0x0000000087700000|  0%| F|  |TAMS 0x0000000087600000| PB 0x0000000087600000| Untracked 
|  65|0x0000000087700000, 0x0000000087700000, 0x0000000087800000|  0%| F|  |TAMS 0x0000000087700000| PB 0x0000000087700000| Untracked 
|  66|0x0000000087800000, 0x0000000087800000, 0x0000000087900000|  0%| F|  |TAMS 0x0000000087800000| PB 0x0000000087800000| Untracked 
|  67|0x0000000087900000, 0x0000000087900000, 0x0000000087a00000|  0%| F|  |TAMS 0x0000000087900000| PB 0x0000000087900000| Untracked 
|  68|0x0000000087a00000, 0x0000000087a00000, 0x0000000087b00000|  0%| F|  |TAMS 0x0000000087a00000| PB 0x0000000087a00000| Untracked 
|  69|0x0000000087b00000, 0x0000000087b00000, 0x0000000087c00000|  0%| F|  |TAMS 0x0000000087b00000| PB 0x0000000087b00000| Untracked 
|  70|0x0000000087c00000, 0x0000000087c00000, 0x0000000087d00000|  0%| F|  |TAMS 0x0000000087c00000| PB 0x0000000087c00000| Untracked 
|  71|0x0000000087d00000, 0x0000000087d00000, 0x0000000087e00000|  0%| F|  |TAMS 0x0000000087d00000| PB 0x0000000087d00000| Untracked 
|  72|0x0000000087e00000, 0x0000000087e00000, 0x0000000087f00000|  0%| F|  |TAMS 0x0000000087e00000| PB 0x0000000087e00000| Untracked 
|  73|0x0000000087f00000, 0x0000000087f00000, 0x0000000088000000|  0%| F|  |TAMS 0x0000000087f00000| PB 0x0000000087f00000| Untracked 
|  74|0x0000000088000000, 0x0000000088000000, 0x0000000088100000|  0%| F|  |TAMS 0x0000000088000000| PB 0x0000000088000000| Untracked 
|  75|0x0000000088100000, 0x0000000088100000, 0x0000000088200000|  0%| F|  |TAMS 0x0000000088100000| PB 0x0000000088100000| Untracked 
|  76|0x0000000088200000, 0x0000000088200000, 0x0000000088300000|  0%| F|  |TAMS 0x0000000088200000| PB 0x0000000088200000| Untracked 
|  77|0x0000000088300000, 0x0000000088300000, 0x0000000088400000|  0%| F|  |TAMS 0x0000000088300000| PB 0x0000000088300000| Untracked 
|  78|0x0000000088400000, 0x0000000088400000, 0x0000000088500000|  0%| F|  |TAMS 0x0000000088400000| PB 0x0000000088400000| Untracked 
|  79|0x0000000088500000, 0x0000000088500000, 0x0000000088600000|  0%| F|  |TAMS 0x0000000088500000| PB 0x0000000088500000| Untracked 
|  80|0x0000000088600000, 0x0000000088600000, 0x0000000088700000|  0%| F|  |TAMS 0x0000000088600000| PB 0x0000000088600000| Untracked 
| 125|0x000000008b300000, 0x000000008b300000, 0x000000008b400000|  0%| F|  |TAMS 0x000000008b300000| PB 0x000000008b300000| Untracked 
|1991|0x00000000ffd00000, 0x00000000ffe00000, 0x00000000ffe00000|100%| O|  |TAMS 0x00000000ffe00000| PB 0x00000000ffd00000| Untracked 
|1992|0x00000000ffe00000, 0x00000000fff00000, 0x00000000fff00000|100%| O|  |TAMS 0x00000000fff00000| PB 0x00000000ffe00000| Untracked 
|1993|0x00000000fff00000, 0x0000000100000000, 0x0000000100000000|100%| O|  |TAMS 0x0000000100000000| PB 0x00000000fff00000| Untracked 

Card table byte_map: [0x000001779aa10000,0x000001779ae00000] _byte_map_base: 0x000001779a5f5000

Marking Bits: (CMBitMap*) 0x0000017782c587a0
 Bits: [0x000001779ae00000, 0x000001779cd28000)

Polling page: 0x0000017780a50000

Metaspace:

Usage:
  Non-class:     52.94 MB used.
      Class:      8.60 MB used.
       Both:     61.53 MB used.

Virtual space:
  Non-class space:       64.00 MB reserved,      53.25 MB ( 83%) committed,  1 nodes.
      Class space:        1.00 GB reserved,       8.88 MB ( <1%) committed,  1 nodes.
             Both:        1.06 GB reserved,      62.12 MB (  6%) committed. 

Chunk freelists:
   Non-Class:  10.77 MB
       Class:  7.06 MB
        Both:  17.83 MB

MaxMetaspaceSize: unlimited
CompressedClassSpaceSize: 1.00 GB
Initial GC threshold: 21.00 MB
Current GC threshold: 103.56 MB
CDS: on
 - commit_granule_bytes: 65536.
 - commit_granule_words: 8192.
 - virtual_space_node_default_size: 8388608.
 - enlarge_chunks_in_place: 1.
 - use_allocation_guard: 0.


Internal statistics:

num_allocs_failed_limit: 9.
num_arena_births: 882.
num_arena_deaths: 0.
num_vsnodes_births: 2.
num_vsnodes_deaths: 0.
num_space_committed: 994.
num_space_uncommitted: 0.
num_chunks_returned_to_freelist: 9.
num_chunks_taken_from_freelist: 3177.
num_chunk_merges: 9.
num_chunk_splits: 2311.
num_chunks_enlarged: 1779.
num_inconsistent_stats: 0.

CodeHeap 'non-profiled nmethods': size=120000Kb used=3540Kb max_used=3706Kb free=116460Kb
 bounds [0x0000017792dc0000, 0x0000017793170000, 0x000001779a2f0000]
CodeHeap 'profiled nmethods': size=120000Kb used=8686Kb max_used=9663Kb free=111313Kb
 bounds [0x000001778b2f0000, 0x000001778bc70000, 0x0000017792820000]
CodeHeap 'non-nmethods': size=5760Kb used=1657Kb max_used=1748Kb free=4102Kb
 bounds [0x0000017792820000, 0x0000017792a90000, 0x0000017792dc0000]
 total_blobs=5371 nmethods=4674 adapters=601
 compilation: enabled
              stopped_count=0, restarted_count=0
 full_count=0

Compilation events (20 events):
Event: 7.041 Thread 0x000001779f7b3910 nmethod 5587 0x0000017793056b10 code [0x0000017793056dc0, 0x0000017793058178]
Event: 7.042 Thread 0x000001779f7b3910 5573       4       org.antlr.v4.runtime.atn.ParserATNSimulator::getReachableTarget (23 bytes)
Event: 7.043 Thread 0x000001779f7b6f40 nmethod 5560 0x0000017792ed0990 code [0x0000017792ed0b40, 0x0000017792ed0f60]
Event: 7.043 Thread 0x000001779f7b6f40 5599       4       org.antlr.v4.runtime.misc.Array2DHashSet::getOrAddImpl (146 bytes)
Event: 7.046 Thread 0x000001779f7b3910 nmethod 5573 0x0000017792ecc110 code [0x0000017792ecc2c0, 0x0000017792ecc650]
Event: 7.046 Thread 0x000001779f7b3910 5586       4       org.antlr.v4.runtime.atn.EmptyPredictionContext::equals (11 bytes)
Event: 7.046 Thread 0x000001779f7b3910 nmethod 5586 0x0000017792e98310 code [0x0000017792e984a0, 0x0000017792e98550]
Event: 7.046 Thread 0x000001779f7b3910 5567       4       org.antlr.v4.runtime.atn.AtomTransition::matches (14 bytes)
Event: 7.046 Thread 0x000001779f7b3910 nmethod 5567 0x0000017793056690 code [0x0000017793056820, 0x00000177930568c0]
Event: 7.046 Thread 0x000001779f7b3910 5563       4       org.antlr.v4.runtime.atn.PredictionContext::isEmpty (13 bytes)
Event: 7.047 Thread 0x000001779f7b61a0 5600       3       org.antlr.v4.runtime.atn.SingletonPredictionContext::equals (72 bytes)
Event: 7.047 Thread 0x000001779f7b3910 nmethod 5563 0x0000017792fd3090 code [0x0000017792fd3220, 0x0000017792fd32d0]
Event: 7.047 Thread 0x000001779f7b3910 5590       4       java.util.BitSet::checkInvariants (111 bytes)
Event: 7.047 Thread 0x000001779f7b61a0 nmethod 5600 0x000001778b45f010 code [0x000001778b45f200, 0x000001778b45f888]
Event: 7.047 Thread 0x000001779f7b3910 nmethod 5590 0x000001779306a410 code [0x000001779306a5a0, 0x000001779306a628]
Event: 7.047 Thread 0x000001779f7b3910 5596   !   4       org.antlr.v4.runtime.atn.ATNSimulator::getCachedContext (43 bytes)
Event: 7.062 Thread 0x000001779f7b6f40 nmethod 5599 0x00000177930edb90 code [0x00000177930ede40, 0x00000177930ef2b8]
Event: 7.062 Thread 0x000001779f7b6f40 5601       4       org.antlr.v4.runtime.atn.SingletonPredictionContext::equals (72 bytes)
Event: 7.064 Thread 0x000001779f7b6f40 nmethod 5601 0x00000177930ffe10 code [0x00000177930fffc0, 0x00000177931001a0]
Event: 7.064 Thread 0x000001779f7b6f40 5597       4       java.util.BitSet::set (58 bytes)

GC Heap History (20 events):
Event: 5.480 GC heap after
{Heap after GC invocations=11 (full 0):
 garbage-first heap   total 51200K, used 23154K [0x0000000083600000, 0x0000000100000000)
  region size 1024K, 2 young (2048K), 2 survivors (2048K)
 Metaspace       used 49014K, committed 49536K, reserved 1114112K
  class space    used 6448K, committed 6656K, reserved 1048576K
}
Event: 5.851 GC heap before
{Heap before GC invocations=11 (full 0):
 garbage-first heap   total 51200K, used 42610K [0x0000000083600000, 0x0000000100000000)
  region size 1024K, 22 young (22528K), 2 survivors (2048K)
 Metaspace       used 54447K, committed 55040K, reserved 1114112K
  class space    used 7339K, committed 7616K, reserved 1048576K
}
Event: 5.853 GC heap after
{Heap after GC invocations=12 (full 0):
 garbage-first heap   total 51200K, used 24142K [0x0000000083600000, 0x0000000100000000)
  region size 1024K, 3 young (3072K), 3 survivors (3072K)
 Metaspace       used 54447K, committed 55040K, reserved 1114112K
  class space    used 7339K, committed 7616K, reserved 1048576K
}
Event: 6.368 GC heap before
{Heap before GC invocations=12 (full 0):
 garbage-first heap   total 51200K, used 43598K [0x0000000083600000, 0x0000000100000000)
  region size 1024K, 22 young (22528K), 3 survivors (3072K)
 Metaspace       used 58767K, committed 59392K, reserved 1114112K
  class space    used 7895K, committed 8192K, reserved 1048576K
}
Event: 6.373 GC heap after
{Heap after GC invocations=13 (full 0):
 garbage-first heap   total 51200K, used 26095K [0x0000000083600000, 0x0000000100000000)
  region size 1024K, 3 young (3072K), 3 survivors (3072K)
 Metaspace       used 58767K, committed 59392K, reserved 1114112K
  class space    used 7895K, committed 8192K, reserved 1048576K
}
Event: 6.464 GC heap before
{Heap before GC invocations=13 (full 0):
 garbage-first heap   total 51200K, used 29167K [0x0000000083600000, 0x0000000100000000)
  region size 1024K, 7 young (7168K), 3 survivors (3072K)
 Metaspace       used 59893K, committed 60480K, reserved 1114112K
  class space    used 8039K, committed 8320K, reserved 1048576K
}
Event: 6.467 GC heap after
{Heap after GC invocations=14 (full 0):
 garbage-first heap   total 51200K, used 26659K [0x0000000083600000, 0x0000000100000000)
  region size 1024K, 1 young (1024K), 1 survivors (1024K)
 Metaspace       used 59893K, committed 60480K, reserved 1114112K
  class space    used 8039K, committed 8320K, reserved 1048576K
}
Event: 6.716 GC heap before
{Heap before GC invocations=15 (full 0):
 garbage-first heap   total 51200K, used 45091K [0x0000000083600000, 0x0000000100000000)
  region size 1024K, 19 young (19456K), 1 survivors (1024K)
 Metaspace       used 61179K, committed 61760K, reserved 1114112K
  class space    used 8428K, committed 8704K, reserved 1048576K
}
Event: 6.718 GC heap after
{Heap after GC invocations=16 (full 0):
 garbage-first heap   total 51200K, used 27261K [0x0000000083600000, 0x0000000100000000)
  region size 1024K, 2 young (2048K), 2 survivors (2048K)
 Metaspace       used 61179K, committed 61760K, reserved 1114112K
  class space    used 8428K, committed 8704K, reserved 1048576K
}
Event: 6.773 GC heap before
{Heap before GC invocations=16 (full 0):
 garbage-first heap   total 51200K, used 43645K [0x0000000083600000, 0x0000000100000000)
  region size 1024K, 19 young (19456K), 2 survivors (2048K)
 Metaspace       used 61198K, committed 61888K, reserved 1114112K
  class space    used 8430K, committed 8768K, reserved 1048576K
}
Event: 6.781 GC heap after
{Heap after GC invocations=17 (full 0):
 garbage-first heap   total 54272K, used 33225K [0x0000000083600000, 0x0000000100000000)
  region size 1024K, 3 young (3072K), 3 survivors (3072K)
 Metaspace       used 61198K, committed 61888K, reserved 1114112K
  class space    used 8430K, committed 8768K, reserved 1048576K
}
Event: 6.947 GC heap before
{Heap before GC invocations=17 (full 0):
 garbage-first heap   total 54272K, used 44489K [0x0000000083600000, 0x0000000100000000)
  region size 1024K, 15 young (15360K), 3 survivors (3072K)
 Metaspace       used 62998K, committed 63616K, reserved 1114112K
  class space    used 8805K, committed 9088K, reserved 1048576K
}
Event: 6.951 GC heap after
{Heap after GC invocations=18 (full 0):
 garbage-first heap   total 54272K, used 35788K [0x0000000083600000, 0x0000000100000000)
  region size 1024K, 2 young (2048K), 2 survivors (2048K)
 Metaspace       used 62998K, committed 63616K, reserved 1114112K
  class space    used 8805K, committed 9088K, reserved 1048576K
}
Event: 7.000 GC heap before
{Heap before GC invocations=19 (full 0):
 garbage-first heap   total 60416K, used 47052K [0x0000000083600000, 0x0000000100000000)
  region size 1024K, 13 young (13312K), 2 survivors (2048K)
 Metaspace       used 62998K, committed 63616K, reserved 1114112K
  class space    used 8805K, committed 9088K, reserved 1048576K
}
Event: 7.005 GC heap after
{Heap after GC invocations=20 (full 0):
 garbage-first heap   total 60416K, used 40654K [0x0000000083600000, 0x0000000100000000)
  region size 1024K, 2 young (2048K), 2 survivors (2048K)
 Metaspace       used 62998K, committed 63616K, reserved 1114112K
  class space    used 8805K, committed 9088K, reserved 1048576K
}
Event: 7.019 GC heap before
{Heap before GC invocations=20 (full 0):
 garbage-first heap   total 60416K, used 50894K [0x0000000083600000, 0x0000000100000000)
  region size 1024K, 12 young (12288K), 2 survivors (2048K)
 Metaspace       used 62999K, committed 63616K, reserved 1114112K
  class space    used 8805K, committed 9088K, reserved 1048576K
}
Event: 7.022 GC heap after
{Heap after GC invocations=21 (full 0):
 garbage-first heap   total 60416K, used 41559K [0x0000000083600000, 0x0000000100000000)
  region size 1024K, 1 young (1024K), 1 survivors (1024K)
 Metaspace       used 62999K, committed 63616K, reserved 1114112K
  class space    used 8805K, committed 9088K, reserved 1048576K
}
Event: 7.039 GC heap before
{Heap before GC invocations=21 (full 0):
 garbage-first heap   total 60416K, used 51799K [0x0000000083600000, 0x0000000100000000)
  region size 1024K, 11 young (11264K), 1 survivors (1024K)
 Metaspace       used 63011K, committed 63616K, reserved 1114112K
  class space    used 8805K, committed 9088K, reserved 1048576K
}
Event: 7.041 GC heap after
{Heap after GC invocations=22 (full 0):
 garbage-first heap   total 60416K, used 42460K [0x0000000083600000, 0x0000000100000000)
  region size 1024K, 2 young (2048K), 2 survivors (2048K)
 Metaspace       used 63011K, committed 63616K, reserved 1114112K
  class space    used 8805K, committed 9088K, reserved 1048576K
}
Event: 7.066 GC heap before
{Heap before GC invocations=22 (full 0):
 garbage-first heap   total 60416K, used 52700K [0x0000000083600000, 0x0000000100000000)
  region size 1024K, 12 young (12288K), 2 survivors (2048K)
 Metaspace       used 63011K, committed 63616K, reserved 1114112K
  class space    used 8805K, committed 9088K, reserved 1048576K
}

Dll operation events (13 events):
Event: 0.011 Loaded shared library C:\Users\pc\.jdks\ms-21.0.7\bin\java.dll
Event: 0.050 Loaded shared library C:\Users\pc\.jdks\ms-21.0.7\bin\jsvml.dll
Event: 0.185 Loaded shared library C:\Users\pc\.jdks\ms-21.0.7\bin\zip.dll
Event: 0.188 Loaded shared library C:\Users\pc\.jdks\ms-21.0.7\bin\instrument.dll
Event: 0.192 Loaded shared library C:\Users\pc\.jdks\ms-21.0.7\bin\net.dll
Event: 0.194 Loaded shared library C:\Users\pc\.jdks\ms-21.0.7\bin\nio.dll
Event: 0.197 Loaded shared library C:\Users\pc\.jdks\ms-21.0.7\bin\zip.dll
Event: 0.325 Loaded shared library C:\Users\pc\.jdks\ms-21.0.7\bin\extnet.dll
Event: 0.375 Loaded shared library C:\Users\pc\.jdks\ms-21.0.7\bin\jimage.dll
Event: 0.680 Loaded shared library C:\Users\pc\.jdks\ms-21.0.7\bin\management.dll
Event: 0.687 Loaded shared library C:\Users\pc\.jdks\ms-21.0.7\bin\management_ext.dll
Event: 1.779 Loaded shared library C:\Users\pc\.jdks\ms-21.0.7\bin\sunmscapi.dll
Event: 4.063 Loaded shared library C:\Users\pc\.jdks\ms-21.0.7\bin\verify.dll

Deoptimization events (20 events):
Event: 7.018 Thread 0x00000177e584bfb0 DEOPT PACKING pc=0x0000017792fd5934 sp=0x0000002f133fb2b0
Event: 7.018 Thread 0x00000177e584bfb0 DEOPT UNPACKING pc=0x00000177928746a2 sp=0x0000002f133fb280 mode 2
Event: 7.019 Thread 0x00000177e584bfb0 Uncommon trap: trap_request=0xffffffd6 fr.pc=0x0000017792fd5934 relative=0x0000000000000ff4
Event: 7.019 Thread 0x00000177e584bfb0 Uncommon trap: reason=array_check action=maybe_recompile pc=0x0000017792fd5934 method=org.antlr.v4.runtime.misc.Array2DHashSet.getOrAddImpl(Ljava/lang/Object;)Ljava/lang/Object; @ 128 c2
Event: 7.019 Thread 0x00000177e584bfb0 DEOPT PACKING pc=0x0000017792fd5934 sp=0x0000002f133fa990
Event: 7.019 Thread 0x00000177e584bfb0 DEOPT UNPACKING pc=0x00000177928746a2 sp=0x0000002f133fa960 mode 2
Event: 7.031 Thread 0x00000177e584bfb0 DEOPT PACKING pc=0x000001778b4084b4 sp=0x0000002f133fa860
Event: 7.031 Thread 0x00000177e584bfb0 DEOPT UNPACKING pc=0x0000017792874e42 sp=0x0000002f133f9d00 mode 0
Event: 7.041 Thread 0x00000177e584bfb0 Uncommon trap: trap_request=0xffffffd6 fr.pc=0x0000017793057e64 relative=0x00000000000010a4
Event: 7.041 Thread 0x00000177e584bfb0 Uncommon trap: reason=array_check action=maybe_recompile pc=0x0000017793057e64 method=org.antlr.v4.runtime.misc.Array2DHashSet.getOrAddImpl(Ljava/lang/Object;)Ljava/lang/Object; @ 133 c2
Event: 7.041 Thread 0x00000177e584bfb0 DEOPT PACKING pc=0x0000017793057e64 sp=0x0000002f133fa5c0
Event: 7.041 Thread 0x00000177e584bfb0 DEOPT UNPACKING pc=0x00000177928746a2 sp=0x0000002f133fa590 mode 2
Event: 7.041 Thread 0x00000177e584bfb0 Uncommon trap: trap_request=0xffffffd6 fr.pc=0x0000017793057e64 relative=0x00000000000010a4
Event: 7.041 Thread 0x00000177e584bfb0 Uncommon trap: reason=array_check action=maybe_recompile pc=0x0000017793057e64 method=org.antlr.v4.runtime.misc.Array2DHashSet.getOrAddImpl(Ljava/lang/Object;)Ljava/lang/Object; @ 133 c2
Event: 7.041 Thread 0x00000177e584bfb0 DEOPT PACKING pc=0x0000017793057e64 sp=0x0000002f133fa5c0
Event: 7.041 Thread 0x00000177e584bfb0 DEOPT UNPACKING pc=0x00000177928746a2 sp=0x0000002f133fa590 mode 2
Event: 7.047 Thread 0x00000177e584bfb0 Uncommon trap: trap_request=0xffffff45 fr.pc=0x0000017792f63368 relative=0x0000000000000128
Event: 7.047 Thread 0x00000177e584bfb0 Uncommon trap: reason=unstable_if action=reinterpret pc=0x0000017792f63368 method=org.antlr.v4.runtime.atn.SingletonPredictionContext.equals(Ljava/lang/Object;)Z @ 11 c2
Event: 7.047 Thread 0x00000177e584bfb0 DEOPT PACKING pc=0x0000017792f63368 sp=0x0000002f133f91d0
Event: 7.047 Thread 0x00000177e584bfb0 DEOPT UNPACKING pc=0x00000177928746a2 sp=0x0000002f133f9168 mode 2

Classes loaded (20 events):
Event: 6.345 Loading class java/lang/Character$Subset done
Event: 6.346 Loading class java/lang/Character$UnicodeBlock done
Event: 6.395 Loading class java/util/regex/Pattern$Bound
Event: 6.395 Loading class java/util/regex/Pattern$Bound done
Event: 6.395 Loading class java/util/regex/Pattern$SliceI
Event: 6.395 Loading class java/util/regex/Pattern$SliceI done
Event: 6.396 Loading class java/util/regex/Pattern$LookBehindEndNode
Event: 6.396 Loading class java/util/regex/Pattern$LookBehindEndNode done
Event: 6.396 Loading class java/util/regex/Pattern$NotBehind
Event: 6.397 Loading class java/util/regex/Pattern$NotBehind done
Event: 6.397 Loading class java/util/regex/Pattern$Neg
Event: 6.397 Loading class java/util/regex/Pattern$Neg done
Event: 6.397 Loading class java/util/regex/Pattern$Behind
Event: 6.397 Loading class java/util/regex/Pattern$Behind done
Event: 6.445 Loading class java/lang/invoke/MethodHandleImpl$CountingWrapper
Event: 6.445 Loading class java/lang/invoke/MethodHandleImpl$CountingWrapper done
Event: 6.457 Loading class java/util/EmptyStackException
Event: 6.457 Loading class java/util/EmptyStackException done
Event: 6.588 Loading class java/io/InvalidClassException
Event: 6.588 Loading class java/io/InvalidClassException done

Classes unloaded (0 events):
No events

Classes redefined (0 events):
No events

Internal exceptions (20 events):
Event: 5.774 Thread 0x00000177e584bfb0 Exception <a 'java/lang/NoSuchMethodError'{0x0000000085824278}: 'int java.lang.invoke.DirectMethodHandle$Holder.invokeStatic(java.lang.Object, int, java.lang.Object)'> (0x0000000085824278) 
thrown [s\src\hotspot\share\interpreter\linkResolver.cpp, line 773]
Event: 5.776 Thread 0x00000177e584bfb0 Exception <a 'java/lang/NoSuchMethodError'{0x0000000085840f88}: 'java.lang.Object java.lang.invoke.DirectMethodHandle$Holder.newInvokeSpecial(java.lang.Object, java.lang.Object, java.lang.Object, java.lang.Object, java.lang.Object, int, java.lang.Object)'> (0x0000000085840f88) 
thrown [s\src\hotspot\share\interpreter\linkResolver.cpp, line 773]
Event: 5.779 Thread 0x00000177e584bfb0 Exception <a 'java/lang/NoSuchMethodError'{0x00000000858711d0}: 'java.lang.Object java.lang.invoke.Invokers$Holder.linkToTargetMethod(java.lang.Object, java.lang.Object, java.lang.Object, java.lang.Object, java.lang.Object, java.lang.Object, java.lang.Object, java.lang.Object, java.lang.Object, java.lang.Object, java.lang.Object, java.lang.Object)'> (0x00000000858711d0) 
thrown [s\src\hotspot\share\interpreter\linkResolver.cpp, line 773]
Event: 5.806 Thread 0x00000177e584bfb0 Exception <a 'java/lang/IncompatibleClassChangeError'{0x00000000857fb7f8}: Found class java.lang.Object, but interface was expected> (0x00000000857fb7f8) 
thrown [s\src\hotspot\share\interpreter\linkResolver.cpp, line 840]
Event: 5.817 Thread 0x00000177e584bfb0 Exception <a 'java/lang/NoSuchMethodError'{0x0000000085699d48}: 'java.lang.Object java.lang.invoke.DirectMethodHandle$Holder.newInvokeSpecial(java.lang.Object, java.lang.Object, int, java.lang.Object, int, java.lang.Object, java.lang.Object)'> (0x0000000085699d48) 
thrown [s\src\hotspot\share\interpreter\linkResolver.cpp, line 773]
Event: 5.823 Thread 0x00000177e584bfb0 Exception <a 'java/lang/NoSuchMethodError'{0x000000008550b9a0}: 'java.lang.Object java.lang.invoke.DirectMethodHandle$Holder.newInvokeSpecial(java.lang.Object, java.lang.Object, java.lang.Object, java.lang.Object, java.lang.Object, java.lang.Object, java.lang.Object, int)'> (0x000000008550b9a0) 
thrown [s\src\hotspot\share\interpreter\linkResolver.cpp, line 773]
Event: 5.824 Thread 0x00000177e584bfb0 Exception <a 'java/lang/NoSuchMethodError'{0x000000008550ff40}: 'java.lang.Object java.lang.invoke.DirectMethodHandle$Holder.invokeSpecial(java.lang.Object, java.lang.Object, java.lang.Object, java.lang.Object, java.lang.Object, java.lang.Object, java.lang.Object, java.lang.Object, int)'> (0x000000008550ff40) 
thrown [s\src\hotspot\share\interpreter\linkResolver.cpp, line 773]
Event: 5.824 Thread 0x00000177e584bfb0 Exception <a 'java/lang/NoSuchMethodError'{0x0000000085513f68}: 'java.lang.Object java.lang.invoke.Invokers$Holder.linkToTargetMethod(java.lang.Object, java.lang.Object, java.lang.Object, java.lang.Object, java.lang.Object, java.lang.Object, int, java.lang.Object)'> (0x0000000085513f68) 
thrown [s\src\hotspot\share\interpreter\linkResolver.cpp, line 773]
Event: 5.997 Thread 0x00000177e584bfb0 Exception <a 'java/lang/NoSuchMethodError'{0x00000000884268f0}: 'java.lang.Object java.lang.invoke.DirectMethodHandle$Holder.invokeSpecial(java.lang.Object, java.lang.Object, int, java.lang.Object, int)'> (0x00000000884268f0) 
thrown [s\src\hotspot\share\interpreter\linkResolver.cpp, line 773]
Event: 6.036 Thread 0x00000177e584bfb0 Implicit null exception at 0x00000177931033a0 to 0x00000177931034d8
Event: 6.076 Thread 0x00000177e584bfb0 Implicit null exception at 0x00000177930f24e4 to 0x00000177930f403c
Event: 6.083 Thread 0x00000177e584bfb0 Exception <a 'java/lang/IncompatibleClassChangeError'{0x0000000085f800b8}: Found class java.lang.Object, but interface was expected> (0x0000000085f800b8) 
thrown [s\src\hotspot\share\interpreter\linkResolver.cpp, line 840]
Event: 6.138 Thread 0x00000177e584bfb0 Exception <a 'java/lang/IncompatibleClassChangeError'{0x0000000085efdfb0}: Found class java.lang.Object, but interface was expected> (0x0000000085efdfb0) 
thrown [s\src\hotspot\share\interpreter\linkResolver.cpp, line 840]
Event: 6.278 Thread 0x00000177e584bfb0 Exception <a 'java/lang/IncompatibleClassChangeError'{0x000000008570c7b8}: Found class java.lang.Object, but interface was expected> (0x000000008570c7b8) 
thrown [s\src\hotspot\share\interpreter\linkResolver.cpp, line 840]
Event: 6.363 Thread 0x00000177e584bfb0 Exception <a 'java/lang/IncompatibleClassChangeError'{0x00000000855c0428}: Found class java.lang.Object, but interface was expected> (0x00000000855c0428) 
thrown [s\src\hotspot\share\interpreter\linkResolver.cpp, line 840]
Event: 6.363 Thread 0x00000177e584bfb0 Exception <a 'java/lang/IncompatibleClassChangeError'{0x00000000855c5910}: Found class java.lang.Object, but interface was expected> (0x00000000855c5910) 
thrown [s\src\hotspot\share\interpreter\linkResolver.cpp, line 840]
Event: 6.444 Thread 0x00000177e584bfb0 Exception <a 'java/lang/NoSuchMethodError'{0x000000008854d588}: 'java.lang.Object java.lang.invoke.DirectMethodHandle$Holder.invokeStatic(java.lang.Object, int, java.lang.Object, java.lang.Object)'> (0x000000008854d588) 
thrown [s\src\hotspot\share\interpreter\linkResolver.cpp, line 773]
Event: 6.444 Thread 0x00000177e584bfb0 Exception <a 'java/lang/NoSuchMethodError'{0x0000000088551678}: 'java.lang.Object java.lang.invoke.DirectMethodHandle$Holder.invokeSpecial(java.lang.Object, java.lang.Object, int, java.lang.Object, java.lang.Object)'> (0x0000000088551678) 
thrown [s\src\hotspot\share\interpreter\linkResolver.cpp, line 773]
Event: 6.444 Thread 0x00000177e584bfb0 Exception <a 'java/lang/NoSuchMethodError'{0x0000000088555320}: 'java.lang.Object java.lang.invoke.DelegatingMethodHandle$Holder.delegate(java.lang.Object, int, java.lang.Object, java.lang.Object)'> (0x0000000088555320) 
thrown [s\src\hotspot\share\interpreter\linkResolver.cpp, line 773]
Event: 6.446 Thread 0x00000177e584bfb0 Exception <a 'java/lang/NoSuchMethodError'{0x00000000885646c0}: 'int java.lang.invoke.Invokers$Holder.linkToTargetMethod(java.lang.Object, java.lang.Object, java.lang.Object)'> (0x00000000885646c0) 
thrown [s\src\hotspot\share\interpreter\linkResolver.cpp, line 773]

ZGC Phase Switch (0 events):
No events

VM Operations (20 events):
Event: 6.598 Executing VM operation: HandshakeAllThreads (Deoptimize) done
Event: 6.705 Executing VM operation: HandshakeAllThreads (Deoptimize)
Event: 6.705 Executing VM operation: HandshakeAllThreads (Deoptimize) done
Event: 6.716 Executing VM operation: G1CollectForAllocation (G1 Evacuation Pause)
Event: 6.718 Executing VM operation: G1CollectForAllocation (G1 Evacuation Pause) done
Event: 6.773 Executing VM operation: G1CollectForAllocation (G1 Evacuation Pause)
Event: 6.781 Executing VM operation: G1CollectForAllocation (G1 Evacuation Pause) done
Event: 6.947 Executing VM operation: G1CollectForAllocation (G1 Evacuation Pause)
Event: 6.951 Executing VM operation: G1CollectForAllocation (G1 Evacuation Pause) done
Event: 6.982 Executing VM operation: G1PauseRemark
Event: 6.985 Executing VM operation: G1PauseRemark done
Event: 6.996 Executing VM operation: G1PauseCleanup
Event: 6.997 Executing VM operation: G1PauseCleanup done
Event: 7.000 Executing VM operation: G1CollectForAllocation (G1 Evacuation Pause)
Event: 7.005 Executing VM operation: G1CollectForAllocation (G1 Evacuation Pause) done
Event: 7.019 Executing VM operation: G1CollectForAllocation (G1 Evacuation Pause)
Event: 7.022 Executing VM operation: G1CollectForAllocation (G1 Evacuation Pause) done
Event: 7.039 Executing VM operation: G1CollectForAllocation (G1 Evacuation Pause)
Event: 7.041 Executing VM operation: G1CollectForAllocation (G1 Evacuation Pause) done
Event: 7.066 Executing VM operation: G1CollectForAllocation (G1 Evacuation Pause)

Memory protections (0 events):
No events

Nmethod flushes (20 events):
Event: 6.985 Thread 0x000001779f77faa0 flushing  nmethod 0x0000017792fd2a90
Event: 6.985 Thread 0x000001779f77faa0 flushing  nmethod 0x0000017792fd3090
Event: 6.985 Thread 0x000001779f77faa0 flushing  nmethod 0x0000017792fd4690
Event: 6.985 Thread 0x000001779f77faa0 flushing  nmethod 0x0000017792fdf510
Event: 6.985 Thread 0x000001779f77faa0 flushing  nmethod 0x00000177930ed590
Event: 6.985 Thread 0x000001779f77faa0 flushing  nmethod 0x000001778b32af90
Event: 6.985 Thread 0x000001779f77faa0 flushing  nmethod 0x000001778b3a7810
Event: 6.985 Thread 0x000001779f77faa0 flushing  nmethod 0x000001778b3a8290
Event: 6.985 Thread 0x000001779f77faa0 flushing  nmethod 0x000001778b3c4010
Event: 6.985 Thread 0x000001779f77faa0 flushing  nmethod 0x000001778b404790
Event: 6.985 Thread 0x000001779f77faa0 flushing  nmethod 0x000001778b404c10
Event: 6.985 Thread 0x000001779f77faa0 flushing  nmethod 0x000001778b406a10
Event: 6.985 Thread 0x000001779f77faa0 flushing  nmethod 0x000001778b406e10
Event: 6.985 Thread 0x000001779f77faa0 flushing  nmethod 0x000001778b407590
Event: 6.985 Thread 0x000001779f77faa0 flushing  nmethod 0x000001778b408990
Event: 6.985 Thread 0x000001779f77faa0 flushing  nmethod 0x000001778b456810
Event: 6.985 Thread 0x000001779f77faa0 flushing  nmethod 0x000001778b457210
Event: 6.985 Thread 0x000001779f77faa0 flushing  nmethod 0x000001778b45df90
Event: 6.985 Thread 0x000001779f77faa0 flushing  nmethod 0x000001778b588110
Event: 6.985 Thread 0x000001779f77faa0 flushing  nmethod 0x000001778b6c1810

Events (20 events):
Event: 0.222 Thread 0x000001779f7b3910 Thread added: 0x000001779f7b7ce0
Event: 0.222 Thread 0x000001779f7b3910 Thread added: 0x000001779f7b8a80
Event: 0.317 Thread 0x000001778089e9c0 Thread added: 0x00000177e5102650
Event: 0.317 Thread 0x000001778089e9c0 Thread added: 0x00000177e5102cb0
Event: 0.734 Thread 0x000001778089e9c0 Thread added: 0x00000177e5837910
Event: 0.743 Thread 0x00000177e5837910 Thread added: 0x00000177e584bfb0
Event: 1.313 Thread 0x00000177e584bfb0 Thread added: 0x00000177e636a540
Event: 1.780 Thread 0x00000177e584bfb0 Thread added: 0x00000177e7d1f370
Event: 1.801 Thread 0x00000177e636a540 Thread exited: 0x00000177e636a540
Event: 1.861 Thread 0x00000177e7d1f370 Thread exited: 0x00000177e7d1f370
Event: 3.488 Thread 0x00000177e584bfb0 Thread added: 0x00000177e76d42b0
Event: 3.489 Thread 0x00000177e76d42b0 Thread added: 0x00000177e76e8b50
Event: 3.495 Thread 0x00000177e584bfb0 Thread added: 0x00000177e7334e90
Event: 4.657 Thread 0x00000177e584bfb0 Thread added: 0x00000177e7336240
Event: 4.671 Thread 0x00000177e584bfb0 Thread added: 0x00000177e7336f60
Event: 4.774 Thread 0x00000177e7336f60 Thread added: 0x00000177e73375f0
Event: 5.267 Thread 0x000001779f7b8a80 Thread exited: 0x000001779f7b8a80
Event: 5.994 Thread 0x000001779f7b7ce0 Thread exited: 0x000001779f7b7ce0
Event: 6.037 Thread 0x000001779f7b61a0 Thread added: 0x000001779f7b6f40
Event: 6.044 Thread 0x000001779f7b61a0 Thread added: 0x000001779f7b7ce0


Dynamic libraries:
0x00007ff731ef0000 - 0x00007ff731efe000 	C:\Users\pc\.jdks\ms-21.0.7\bin\java.exe
0x00007ffd5b360000 - 0x00007ffd5b5c5000 	C:\WINDOWS\SYSTEM32\ntdll.dll
0x00007ffd59f30000 - 0x00007ffd59ff9000 	C:\WINDOWS\System32\KERNEL32.DLL
0x00007ffd58b00000 - 0x00007ffd58ee8000 	C:\WINDOWS\System32\KERNELBASE.dll
0x00007ffd58800000 - 0x00007ffd5894b000 	C:\WINDOWS\System32\ucrtbase.dll
0x00007ffd52a30000 - 0x00007ffd52a48000 	C:\Users\pc\.jdks\ms-21.0.7\bin\jli.dll
0x00007ffd50c80000 - 0x00007ffd50c9d000 	C:\Users\pc\.jdks\ms-21.0.7\bin\VCRUNTIME140.dll
0x00007ffd5a200000 - 0x00007ffd5a3ca000 	C:\WINDOWS\System32\USER32.dll
0x00007ffd43d70000 - 0x00007ffd4400a000 	C:\WINDOWS\WinSxS\amd64_microsoft.windows.common-controls_6595b64144ccf1df_6.0.26100.4202_none_3e0698d4e335f517\COMCTL32.dll
0x00007ffd58950000 - 0x00007ffd58977000 	C:\WINDOWS\System32\win32u.dll
0x00007ffd59960000 - 0x00007ffd59a09000 	C:\WINDOWS\System32\msvcrt.dll
0x00007ffd59b10000 - 0x00007ffd59b3b000 	C:\WINDOWS\System32\GDI32.dll
0x00007ffd58630000 - 0x00007ffd58767000 	C:\WINDOWS\System32\gdi32full.dll
0x00007ffd58fb0000 - 0x00007ffd59053000 	C:\WINDOWS\System32\msvcp_win.dll
0x00007ffd59cb0000 - 0x00007ffd59ce0000 	C:\WINDOWS\System32\IMM32.DLL
0x00007ffd51b60000 - 0x00007ffd51b6c000 	C:\Users\pc\.jdks\ms-21.0.7\bin\vcruntime140_1.dll
0x00007ffd2d9d0000 - 0x00007ffd2da5d000 	C:\Users\pc\.jdks\ms-21.0.7\bin\msvcp140.dll
0x00007ffcd0e20000 - 0x00007ffcd1bb8000 	C:\Users\pc\.jdks\ms-21.0.7\bin\server\jvm.dll
0x00007ffd596f0000 - 0x00007ffd597a3000 	C:\WINDOWS\System32\ADVAPI32.dll
0x00007ffd59100000 - 0x00007ffd591a6000 	C:\WINDOWS\System32\sechost.dll
0x00007ffd5a0e0000 - 0x00007ffd5a1f5000 	C:\WINDOWS\System32\RPCRT4.dll
0x00007ffd59a90000 - 0x00007ffd59b04000 	C:\WINDOWS\System32\WS2_32.dll
0x00007ffd58250000 - 0x00007ffd582ae000 	C:\WINDOWS\SYSTEM32\POWRPROF.dll
0x00007ffd51590000 - 0x00007ffd5159b000 	C:\WINDOWS\SYSTEM32\VERSION.dll
0x00007ffd47cb0000 - 0x00007ffd47ce5000 	C:\WINDOWS\SYSTEM32\WINMM.dll
0x00007ffd58230000 - 0x00007ffd58244000 	C:\WINDOWS\SYSTEM32\UMPDC.dll
0x00007ffd57230000 - 0x00007ffd5724b000 	C:\WINDOWS\SYSTEM32\kernel.appcore.dll
0x00007ffd50c70000 - 0x00007ffd50c7a000 	C:\Users\pc\.jdks\ms-21.0.7\bin\jimage.dll
0x00007ffd3a770000 - 0x00007ffd3a9b1000 	C:\WINDOWS\SYSTEM32\DBGHELP.DLL
0x00007ffd592e0000 - 0x00007ffd59665000 	C:\WINDOWS\System32\combase.dll
0x00007ffd59cf0000 - 0x00007ffd59dd1000 	C:\WINDOWS\System32\OLEAUT32.dll
0x00007ffd51e20000 - 0x00007ffd51e59000 	C:\WINDOWS\SYSTEM32\dbgcore.DLL
0x00007ffd59060000 - 0x00007ffd590f9000 	C:\WINDOWS\System32\bcryptPrimitives.dll
0x00007ffd4b2c0000 - 0x00007ffd4b2cf000 	C:\Users\pc\.jdks\ms-21.0.7\bin\instrument.dll
0x00007ffd47740000 - 0x00007ffd47760000 	C:\Users\pc\.jdks\ms-21.0.7\bin\java.dll
0x00007ffd5a9f0000 - 0x00007ffd5b132000 	C:\WINDOWS\System32\SHELL32.dll
0x00007ffd584b0000 - 0x00007ffd58624000 	C:\WINDOWS\System32\wintypes.dll
0x00007ffd560f0000 - 0x00007ffd56948000 	C:\WINDOWS\SYSTEM32\windows.storage.dll
0x00007ffd59e20000 - 0x00007ffd59f11000 	C:\WINDOWS\System32\SHCORE.dll
0x00007ffd59670000 - 0x00007ffd596da000 	C:\WINDOWS\System32\shlwapi.dll
0x00007ffd583c0000 - 0x00007ffd583ef000 	C:\WINDOWS\SYSTEM32\profapi.dll
0x00007ffd2d8f0000 - 0x00007ffd2d9c6000 	C:\Users\pc\.jdks\ms-21.0.7\bin\jsvml.dll
0x00007ffd40030000 - 0x00007ffd40048000 	C:\Users\pc\.jdks\ms-21.0.7\bin\zip.dll
0x00007ffd4b270000 - 0x00007ffd4b280000 	C:\Users\pc\.jdks\ms-21.0.7\bin\net.dll
0x00007ffd510c0000 - 0x00007ffd511de000 	C:\WINDOWS\SYSTEM32\WINHTTP.dll
0x00007ffd57780000 - 0x00007ffd577ea000 	C:\WINDOWS\system32\mswsock.dll
0x00007ffd47720000 - 0x00007ffd47736000 	C:\Users\pc\.jdks\ms-21.0.7\bin\nio.dll
0x00007ffd476f0000 - 0x00007ffd476f9000 	C:\Users\pc\.jdks\ms-21.0.7\bin\extnet.dll
0x00007ffd40350000 - 0x00007ffd4035a000 	C:\Users\pc\.jdks\ms-21.0.7\bin\management.dll
0x00007ffd40020000 - 0x00007ffd4002b000 	C:\Users\pc\.jdks\ms-21.0.7\bin\management_ext.dll
0x00007ffd59e10000 - 0x00007ffd59e18000 	C:\WINDOWS\System32\PSAPI.DLL
0x00007ffd45e70000 - 0x00007ffd45e7e000 	C:\Users\pc\.jdks\ms-21.0.7\bin\sunmscapi.dll
0x00007ffd58980000 - 0x00007ffd58af7000 	C:\WINDOWS\System32\CRYPT32.dll
0x00007ffd57cb0000 - 0x00007ffd57ce0000 	C:\WINDOWS\SYSTEM32\ncrypt.dll
0x00007ffd57c60000 - 0x00007ffd57c9f000 	C:\WINDOWS\SYSTEM32\NTASN1.dll
0x00007ffd57b60000 - 0x00007ffd57b7b000 	C:\WINDOWS\SYSTEM32\CRYPTSP.dll
0x00007ffd57190000 - 0x00007ffd571ca000 	C:\WINDOWS\system32\rsaenh.dll
0x00007ffd57820000 - 0x00007ffd5784b000 	C:\WINDOWS\SYSTEM32\USERENV.dll
0x00007ffd58390000 - 0x00007ffd583b6000 	C:\WINDOWS\SYSTEM32\bcrypt.dll
0x00007ffd579c0000 - 0x00007ffd579cc000 	C:\WINDOWS\SYSTEM32\CRYPTBASE.dll
0x00007ffd56c40000 - 0x00007ffd56c73000 	C:\WINDOWS\SYSTEM32\IPHLPAPI.DLL
0x00007ffd596e0000 - 0x00007ffd596ea000 	C:\WINDOWS\System32\NSI.dll
0x00007ffd40010000 - 0x00007ffd40020000 	C:\Users\pc\.jdks\ms-21.0.7\bin\verify.dll
0x00007ffd56cd0000 - 0x00007ffd56df7000 	C:\WINDOWS\SYSTEM32\DNSAPI.dll
0x00007ffd514a0000 - 0x00007ffd514ab000 	C:\Windows\System32\rasadhlp.dll
0x00007ffd4f060000 - 0x00007ffd4f0e6000 	C:\WINDOWS\System32\fwpuclnt.dll

dbghelp: loaded successfully - version: 4.0.5 - missing functions: none
symbol engine: initialized successfully - sym options: 0x614 - pdb path: .;C:\Users\pc\.jdks\ms-21.0.7\bin;C:\WINDOWS\SYSTEM32;C:\WINDOWS\WinSxS\amd64_microsoft.windows.common-controls_6595b64144ccf1df_6.0.26100.4202_none_3e0698d4e335f517;C:\Users\pc\.jdks\ms-21.0.7\bin\server

VM Arguments:
jvm_args: -javaagent:C:\Program Files\JetBrains\IntelliJ IDEA Community Edition 2024.3.5\lib\idea_rt.jar=51412 -Dfile.encoding=UTF-8 -Dsun.stdout.encoding=UTF-8 -Dsun.stderr.encoding=UTF-8 
java_command: com.aluraapi.literatura.LiteraturaApplication
java_class_path (initial): C:\Users\pc\OneDrive\Desktop\ONE - ALURA\DESAFIO LITERALURA\literatura\target\classes;C:\Users\pc\.m2\repository\org\springframework\boot\spring-boot-starter-data-jpa\3.5.0\spring-boot-starter-data-jpa-3.5.0.jar;C:\Users\pc\.m2\repository\org\springframework\boot\spring-boot-starter\3.5.0\spring-boot-starter-3.5.0.jar;C:\Users\pc\.m2\repository\org\springframework\boot\spring-boot-starter-logging\3.5.0\spring-boot-starter-logging-3.5.0.jar;C:\Users\pc\.m2\repository\ch\qos\logback\logback-classic\1.5.18\logback-classic-1.5.18.jar;C:\Users\pc\.m2\repository\ch\qos\logback\logback-core\1.5.18\logback-core-1.5.18.jar;C:\Users\pc\.m2\repository\org\apache\logging\log4j\log4j-to-slf4j\2.24.3\log4j-to-slf4j-2.24.3.jar;C:\Users\pc\.m2\repository\org\apache\logging\log4j\log4j-api\2.24.3\log4j-api-2.24.3.jar;C:\Users\pc\.m2\repository\org\slf4j\jul-to-slf4j\2.0.17\jul-to-slf4j-2.0.17.jar;C:\Users\pc\.m2\repository\jakarta\annotation\jakarta.annotation-api\2.1.1\jakarta.annotation-api-2.1.1.jar;C:\Users\pc\.m2\repository\org\yaml\snakeyaml\2.4\snakeyaml-2.4.jar;C:\Users\pc\.m2\repository\org\springframework\boot\spring-boot-starter-jdbc\3.5.0\spring-boot-starter-jdbc-3.5.0.jar;C:\Users\pc\.m2\repository\com\zaxxer\HikariCP\6.3.0\HikariCP-6.3.0.jar;C:\Users\pc\.m2\repository\org\springframework\spring-jdbc\6.2.7\spring-jdbc-6.2.7.jar;C:\Users\pc\.m2\repository\org\hibernate\orm\hibernate-core\6.6.15.Final\hibernate-core-6.6.15.Final.jar;C:\Users\pc\.m2\repository\jakarta\persistence\jakarta.persistence-api\3.1.0\jakarta.persistence-api-3.1.0.jar;C:\Users\pc\.m2\repository\jakarta\transaction\jakarta.transaction-api\2.0.1\jakarta.transaction-api-2.0.1.jar;C:\Users\pc\.m2\repository\org\jboss\logging\jboss-logging\3.6.1.Final\jboss-logging-3.6.1.Final.jar;C:\Users\pc\.m2\repository\org\hibernate\common\hibernate-commons-annotations\7.0.3.Final\hibernate-commons-annotations-7.0.3.Final.jar;C:\Users\pc\.m2\repository\io\smallrye\jandex\3.2.0\jandex-3.2.0.jar;C:\Users\pc\.m2\repository\com\fasterxml\classmate\1.7.0\classmate-1.7.0.jar;C:\Users\pc\.m2\repository\net\bytebuddy\byte-buddy\1.17.5\byte-buddy-1.17.5.jar;C:\Users\pc\.m2\repository\org\glassfish\jaxb\jaxb-runtime\4.0.5\jaxb-runtime-4.0.5.jar;C:\Users\pc\.m2\repository\org\glassfish\jaxb\jaxb-core\4.0.5\jaxb-core-4.0.5.jar;C:\Users\pc\.m2\repository\org\eclipse\angus\angus-activation\2.0.2\angus-activation-2.0.2.jar;C:\Users\pc\.m2\repository\org\glassfish\jaxb\txw2\4.0.5\txw2-4.0.5.jar;C:\Users\pc\.m2\repository\com\sun\istack\istack-commons-runtime\4.1.2\istack-commons-runtime-4.1.2.jar;C:\Users\pc\.m2\repository\jakarta\inject\jakarta.inject-api\2.0.1\jakarta.inject-api-2.0.1.jar;C:\Users\pc\.m2\repository\org\antlr\antlr4-runtime\4.13.0\antlr4-runtime-4.13.0.jar;C:\Users\pc\.m2\repository\org\springframework\data\spring-data-jpa\3.5.0\spring-data-jpa-3.5.0.jar;C:\Users\pc\.m2\repository\org\springframework\data\spring-data-commons\3.5.0\spring-data-commons-3.5.0.jar;C:\Users\pc\.m2\repository\org\springframework\spring-orm\6.2.7\spring-orm-6.2.7.jar;C:\Users\pc\.m2\repository\org\springframework\spring-context\6.2.7\spring-context-6.2.7.jar;C:\Users\pc\.m2\repository\org\springframework\spring-aop\6.2.7\spring-aop-6.2.7.jar;C:\Users\pc\.m2\repository\org\springframework\spring-tx\6.2.7\spring-tx-6.2.7.jar;C:\Users\pc\.m2\repository\org\springframework\spring-beans\6.2.7\spring-beans-6.2.7.jar;C:\Users\pc\.m2\repository\org\slf4j\slf4j-api\2.0.17\slf4j-api-2.0.17.jar;C:\Users\pc\.m2\repository\org\springframework\spring-aspects\6.2.7\spring-aspects-6.2.7.jar;C:\Users\pc\.m2\repository\org\aspectj\aspectjweaver\1.9.24\aspectjweaver-1.9.24.jar;C:\Users\pc\.m2\repository\org\springframework\boot\spring-boot-starter-web\3.5.0\spring-boot-starter-web-3.5.0.jar;C:\Users\pc\.m2\repository\org\springframework\boot\spring-boot-starter-json\3.5.0\spring-boot-starter-json-3.5.0.jar;C:\Users\pc\.m2\repository\com\fasterxml\jackson\datatype\jackson-datatype-jdk8\2.19.0\jackson-datatype-jdk8-2.19.0.jar;C:\Users\pc\.m2\repository\com\fasterxml\jackson\datatype\jackson-datatype-jsr310\2.19.0\jackson-datatype-jsr310-2.19.0.jar;C:\Users\pc\.m2\repository\com\fasterxml\jackson\module\jackson-module-parameter-names\2.19.0\jackson-module-parameter-names-2.19.0.jar;C:\Users\pc\.m2\repository\org\springframework\boot\spring-boot-starter-tomcat\3.5.0\spring-boot-starter-tomcat-3.5.0.jar;C:\Users\pc\.m2\repository\org\apache\tomcat\embed\tomcat-embed-core\10.1.41\tomcat-embed-core-10.1.41.jar;C:\Users\pc\.m2\repository\org\apache\tomcat\embed\tomcat-embed-el\10.1.41\tomcat-embed-el-10.1.41.jar;C:\Users\pc\.m2\repository\org\apache\tomcat\embed\tomcat-embed-websocket\10.1.41\tomcat-embed-websocket-10.1.41.jar;C:\Users\pc\.m2\repository\org\springframework\spring-web\6.2.7\spring-web-6.2.7.jar;C:\Users\pc\.m2\repository\io\micrometer\micrometer-observation\1.15.0\micrometer-observation-1.15.0.jar;C:\Users\pc\.m2\repository\io\micrometer\micrometer-commons\1.15.0\micrometer-commons-1.15.0.jar;C:\Users\pc\.m2\repository\org\springframework\spring-webmvc\6.2.7\spring-webmvc-6.2.7.jar;C:\Users\pc\.m2\repository\org\springframework\spring-expression\6.2.7\spring-expression-6.2.7.jar;C:\Users\pc\.m2\repository\org\springframework\boot\spring-boot-devtools\3.5.0\spring-boot-devtools-3.5.0.jar;C:\Users\pc\.m2\repository\org\springframework\boot\spring-boot\3.5.0\spring-boot-3.5.0.jar;C:\Users\pc\.m2\repository\org\springframework\boot\spring-boot-autoconfigure\3.5.0\spring-boot-autoconfigure-3.5.0.jar;C:\Users\pc\.m2\repository\org\postgresql\postgresql\42.7.5\postgresql-42.7.5.jar;C:\Users\pc\.m2\repository\org\checkerframework\checker-qual\3.48.3\checker-qual-3.48.3.jar;C:\Users\pc\.m2\repository\jakarta\xml\bind\jakarta.xml.bind-api\4.0.2\jakarta.xml.bind-api-4.0.2.jar;C:\Users\pc\.m2\repository\jakarta\activation\jakarta.activation-api\2.1.3\jakarta.activation-api-2.1.3.jar;C:\Users\pc\.m2\repository\org\springframework\spring-core\6.2.7\spring-core-6.2.7.jar;C:\Users\pc\.m2\repository\org\springframework\spring-jcl\6.2.7\spring-jcl-6.2.7.jar;C:\Users\pc\.m2\repository\com\fasterxml\jackson\core\jackson-databind\2.19.0\jackson-databind-2.19.0.jar;C:\Users\pc\.m2\repository\com\fasterxml\jackson\core\jackson-annotations\2.19.0\jackson-annotations-2.19.0.jar;C:\Users\pc\.m2\repository\com\fasterxml\jackson\core\jackson-core\2.19.0\jackson-core-2.19.0.jar;C:\Users\pc\.m2\repository\com\google\code\gson\gson\2.13.1\gson-2.13.1.jar;C:\Users\pc\.m2\repository\com\google\errorprone\error_prone_annotations\2.38.0\error_prone_annotations-2.38.0.jar
Launcher Type: SUN_STANDARD

[Global flags]
     intx CICompilerCount                          = 4                                         {product} {ergonomic}
     uint ConcGCThreads                            = 2                                         {product} {ergonomic}
     uint G1ConcRefinementThreads                  = 8                                         {product} {ergonomic}
   size_t G1HeapRegionSize                         = 1048576                                   {product} {ergonomic}
    uintx GCDrainStackTargetSize                   = 64                                        {product} {ergonomic}
   size_t InitialHeapSize                          = 132120576                                 {product} {ergonomic}
   size_t MarkStackSize                            = 4194304                                   {product} {ergonomic}
   size_t MaxHeapSize                              = 2090860544                                {product} {ergonomic}
   size_t MaxNewSize                               = 1254096896                                {product} {ergonomic}
   size_t MinHeapDeltaBytes                        = 1048576                                   {product} {ergonomic}
   size_t MinHeapSize                              = 8388608                                   {product} {ergonomic}
    uintx NonNMethodCodeHeapSize                   = 5839372                                {pd product} {ergonomic}
    uintx NonProfiledCodeHeapSize                  = 122909434                              {pd product} {ergonomic}
    uintx ProfiledCodeHeapSize                     = 122909434                              {pd product} {ergonomic}
    uintx ReservedCodeCacheSize                    = 251658240                              {pd product} {ergonomic}
     bool SegmentedCodeCache                       = true                                      {product} {ergonomic}
   size_t SoftMaxHeapSize                          = 2090860544                             {manageable} {ergonomic}
     bool UseCompressedOops                        = true                           {product lp64_product} {ergonomic}
     bool UseG1GC                                  = true                                      {product} {ergonomic}
     bool UseLargePagesIndividualAllocation        = false                                  {pd product} {ergonomic}

Logging:
Log output configuration:
 #0: stdout all=warning uptime,level,tags foldmultilines=false
 #1: stderr all=off uptime,level,tags foldmultilines=false

Environment Variables:
PATH=C:\Program Files\Java\jdk-17\bin;C:\Python313\Scripts\;C:\Python313\;C:\WINDOWS\system32;C:\WINDOWS;C:\WINDOWS\System32\Wbem;C:\WINDOWS\System32\WindowsPowerShell\v1.0\;C:\WINDOWS\System32\OpenSSH\;C:\Program Files\dotnet\;C:\Program Files\nodejs\;C:\ProgramData\chocolatey\bin;C:\Program Files\Git\cmd;C:\Program Files\Java\jdk-17\bin;C:\Users\pc\AppData\Local\Programs\Python\Python311\Scripts\;C:\Users\pc\AppData\Local\Programs\Python\Python311\;C:\Users\pc\AppData\Local\Microsoft\WindowsApps;C:\Users\pc\AppData\Local\Programs\Microsoft VS Code\bin;C:\Users\pc\AppData\Roaming\npm;C:\Program Files\JetBrains\IntelliJ IDEA Community Edition 2024.3.5\bin;
USERNAME=pc
OS=Windows_NT
PROCESSOR_IDENTIFIER=Intel64 Family 6 Model 165 Stepping 3, GenuineIntel
TMP=C:\Users\pc\AppData\Local\Temp
TEMP=C:\Users\pc\AppData\Local\Temp




Periodic native trim disabled

---------------  S Y S T E M  ---------------

OS:
 Windows 11 , 64 bit Build 26100 (10.0.26100.4202)
OS uptime: 0 days 3:22 hours
Hyper-V role detected

CPU: total 8 (initial active 8) (4 cores per cpu, 2 threads per core) family 6 model 165 stepping 3 microcode 0xe0, cx8, cmov, fxsr, ht, mmx, 3dnowpref, sse, sse2, sse3, ssse3, sse4.1, sse4.2, popcnt, lzcnt, tsc, tscinvbit, avx, avx2, aes, erms, clmul, bmi1, bmi2, adx, fma, vzeroupper, clflush, clflushopt, hv, rdtscp, f16c
Processor Information for the first 8 processors :
  Max Mhz: 3696, Current Mhz: 3696, Mhz Limit: 3696

Memory: 4k page, system-wide physical 7973M (1106M free)
TotalPageFile size 10021M (AvailPageFile size 21M)
current process WorkingSet (physical memory assigned to process): 275M, peak: 276M
current process commit charge ("private bytes"): 335M, peak: 379M

vm_info: OpenJDK 64-Bit Server VM (21.0.7+6-LTS) for windows-amd64 JRE (21.0.7+6-LTS), built on 2025-04-09T22:17:25Z by "MicrosoftCorporation" with unknown MS VC++:1939

END.
